0 verbose cli /Users/mikeyrennicks/.nvm/versions/node/v24.13.1/bin/node /Users/mikeyrennicks/.nvm/versions/node/v24.13.1/bin/npm
1 info using npm@11.8.0
2 info using node@v24.13.1
3 silly config load:file:/Users/mikeyrennicks/.nvm/versions/node/v24.13.1/lib/node_modules/npm/npmrc
4 silly config load:file:/Users/mikeyrennicks/Desktop/fennor-developments-website/.npmrc
5 silly config load:file:/Users/mikeyrennicks/.npmrc
6 silly config load:file:/Users/mikeyrennicks/.nvm/versions/node/v24.13.1/etc/npmrc
7 verbose title npm install
8 verbose argv "install" "--prefer-offline" "false" "--cache" "./.npm-cache"
9 verbose logfile logs-max:10 dir:/Users/mikeyrennicks/Desktop/fennor-developments-website/.npm-cache/_logs/2026-02-25T19_40_16_085Z-
10 verbose logfile /Users/mikeyrennicks/Desktop/fennor-developments-website/.npm-cache/_logs/2026-02-25T19_40_16_085Z-debug-0.log
11 silly logfile done cleaning log files
12 silly packumentCache heap:4496293888 maxSize:1124073472 maxEntrySize:562036736
13 silly idealTree buildDeps
14 silly fetch manifest jspdf@^2.5.2
15 silly packumentCache full:https://registry.npmjs.org/jspdf cache-miss
16 http fetch GET 200 https://registry.npmjs.org/jspdf 166ms (cache miss)
17 silly packumentCache full:https://registry.npmjs.org/jspdf set size:undefined disposed:false
18 silly fetch manifest resend@^4.0.1
19 silly packumentCache full:https://registry.npmjs.org/resend cache-miss
20 http fetch GET 200 https://registry.npmjs.org/resend 138ms (cache miss)
21 silly packumentCache full:https://registry.npmjs.org/resend set size:undefined disposed:false
22 silly placeDep ROOT jspdf@2.5.2 OK for: fennor-developments-website@0.1.0 want: ^2.5.2
23 silly placeDep ROOT resend@4.8.0 OK for: fennor-developments-website@0.1.0 want: ^4.0.1
24 silly fetch manifest atob@^2.1.2
25 silly packumentCache full:https://registry.npmjs.org/atob cache-miss
26 silly fetch manifest btoa@^1.2.1
27 silly packumentCache full:https://registry.npmjs.org/btoa cache-miss
28 silly fetch manifest fflate@^0.8.1
29 silly packumentCache full:https://registry.npmjs.org/fflate cache-miss
30 silly fetch manifest @babel/runtime@^7.23.2
31 silly packumentCache full:https://registry.npmjs.org/@babel%2fruntime cache-miss
32 silly fetch manifest canvg@^3.0.6
33 silly packumentCache full:https://registry.npmjs.org/canvg cache-miss
34 silly fetch manifest core-js@^3.6.0
35 silly packumentCache full:https://registry.npmjs.org/core-js cache-miss
36 silly fetch manifest dompurify@^2.5.4
37 silly packumentCache full:https://registry.npmjs.org/dompurify cache-miss
38 silly fetch manifest html2canvas@^1.0.0-rc.5
39 silly packumentCache full:https://registry.npmjs.org/html2canvas cache-miss
40 silly fetch manifest @react-email/render@1.1.2
41 silly packumentCache full:https://registry.npmjs.org/@react-email%2frender cache-miss
42 http fetch GET 200 https://registry.npmjs.org/atob 72ms (cache miss)
43 silly packumentCache full:https://registry.npmjs.org/atob set size:undefined disposed:false
44 http fetch GET 200 https://registry.npmjs.org/html2canvas 187ms (cache miss)
45 silly packumentCache full:https://registry.npmjs.org/html2canvas set size:undefined disposed:false
46 http fetch GET 200 https://registry.npmjs.org/fflate 428ms (cache miss)
47 silly packumentCache full:https://registry.npmjs.org/fflate set size:undefined disposed:false
48 http fetch GET 200 https://registry.npmjs.org/btoa 522ms (cache miss)
49 silly packumentCache full:https://registry.npmjs.org/btoa set size:undefined disposed:false
50 http fetch GET 200 https://registry.npmjs.org/canvg 632ms (cache miss)
51 silly packumentCache full:https://registry.npmjs.org/canvg set size:undefined disposed:false
52 http fetch GET 200 https://registry.npmjs.org/dompurify 671ms (cache miss)
53 silly packumentCache full:https://registry.npmjs.org/dompurify set size:undefined disposed:false
54 http fetch GET 200 https://registry.npmjs.org/@react-email%2frender 820ms (cache miss)
55 silly packumentCache full:https://registry.npmjs.org/@react-email%2frender set size:undefined disposed:false
56 http fetch GET 200 https://registry.npmjs.org/@babel%2fruntime 1048ms (cache miss)
57 silly packumentCache full:https://registry.npmjs.org/@babel%2fruntime set size:undefined disposed:false
58 http fetch GET 200 https://registry.npmjs.org/core-js 1098ms (cache miss)
59 silly packumentCache full:https://registry.npmjs.org/core-js set size:undefined disposed:false
60 silly placeDep ROOT @babel/runtime@7.28.6 OK for: jspdf@2.5.2 want: ^7.23.2
61 silly placeDep ROOT atob@2.1.2 OK for: jspdf@2.5.2 want: ^2.1.2
62 silly placeDep ROOT btoa@1.2.1 OK for: jspdf@2.5.2 want: ^1.2.1
63 silly placeDep ROOT canvg@3.0.11 OK for: jspdf@2.5.2 want: ^3.0.6
64 silly placeDep ROOT core-js@3.48.0 OK for: jspdf@2.5.2 want: ^3.6.0
65 silly placeDep ROOT dompurify@2.5.8 OK for: jspdf@2.5.2 want: ^2.5.4
66 silly placeDep ROOT fflate@0.8.2 OK for: jspdf@2.5.2 want: ^0.8.1
67 silly placeDep ROOT html2canvas@1.4.1 OK for: jspdf@2.5.2 want: ^1.0.0-rc.5
68 silly fetch manifest raf@^3.4.1
69 silly packumentCache full:https://registry.npmjs.org/raf cache-miss
70 silly fetch manifest core-js@^3.8.3
71 silly packumentCache full:https://registry.npmjs.org/core-js cache-miss
72 silly fetch manifest rgbcolor@^1.0.1
73 silly packumentCache full:https://registry.npmjs.org/rgbcolor cache-miss
74 silly fetch manifest @types/raf@^3.4.0
75 silly packumentCache full:https://registry.npmjs.org/@types%2fraf cache-miss
76 silly fetch manifest svg-pathdata@^6.0.3
77 silly packumentCache full:https://registry.npmjs.org/svg-pathdata cache-miss
78 silly fetch manifest stackblur-canvas@^2.0.0
79 silly packumentCache full:https://registry.npmjs.org/stackblur-canvas cache-miss
80 silly fetch manifest regenerator-runtime@^0.13.7
81 silly packumentCache full:https://registry.npmjs.org/regenerator-runtime cache-miss
82 silly fetch manifest css-line-break@^2.1.0
83 silly packumentCache full:https://registry.npmjs.org/css-line-break cache-miss
84 silly fetch manifest text-segmentation@^1.0.3
85 silly packumentCache full:https://registry.npmjs.org/text-segmentation cache-miss
86 http cache https://registry.npmjs.org/core-js 4ms (cache hit)
87 silly packumentCache full:https://registry.npmjs.org/core-js set size:776323 disposed:false
88 http fetch GET 200 https://registry.npmjs.org/rgbcolor 33ms (cache miss)
89 silly packumentCache full:https://registry.npmjs.org/rgbcolor set size:undefined disposed:false
90 http fetch GET 200 https://registry.npmjs.org/raf 45ms (cache miss)
91 silly packumentCache full:https://registry.npmjs.org/raf set size:undefined disposed:false
92 http fetch GET 200 https://registry.npmjs.org/css-line-break 73ms (cache miss)
93 silly packumentCache full:https://registry.npmjs.org/css-line-break set size:undefined disposed:false
94 http fetch GET 200 https://registry.npmjs.org/text-segmentation 75ms (cache miss)
95 silly packumentCache full:https://registry.npmjs.org/text-segmentation set size:undefined disposed:false
96 http fetch GET 200 https://registry.npmjs.org/regenerator-runtime 102ms (cache miss)
97 silly packumentCache full:https://registry.npmjs.org/regenerator-runtime set size:undefined disposed:false
98 http fetch GET 200 https://registry.npmjs.org/stackblur-canvas 117ms (cache miss)
99 silly packumentCache full:https://registry.npmjs.org/stackblur-canvas set size:undefined disposed:false
100 http fetch GET 200 https://registry.npmjs.org/svg-pathdata 155ms (cache miss)
101 silly packumentCache full:https://registry.npmjs.org/svg-pathdata set size:undefined disposed:false
102 http fetch GET 200 https://registry.npmjs.org/@types%2fraf 218ms (cache miss)
103 silly packumentCache full:https://registry.npmjs.org/@types%2fraf set size:undefined disposed:false
104 silly placeDep ROOT @types/raf@3.4.3 OK for: canvg@3.0.11 want: ^3.4.0
105 silly placeDep ROOT raf@3.4.1 OK for: canvg@3.0.11 want: ^3.4.1
106 silly placeDep ROOT regenerator-runtime@0.13.11 OK for: canvg@3.0.11 want: ^0.13.7
107 silly placeDep ROOT rgbcolor@1.0.1 OK for: canvg@3.0.11 want: ^1.0.1
108 silly placeDep ROOT stackblur-canvas@2.7.0 OK for: canvg@3.0.11 want: ^2.0.0
109 silly placeDep ROOT svg-pathdata@6.0.3 OK for: canvg@3.0.11 want: ^6.0.3
110 silly fetch manifest performance-now@^2.1.0
111 silly packumentCache full:https://registry.npmjs.org/performance-now cache-miss
112 http fetch GET 200 https://registry.npmjs.org/performance-now 51ms (cache miss)
113 silly packumentCache full:https://registry.npmjs.org/performance-now set size:undefined disposed:false
114 silly placeDep ROOT css-line-break@2.1.0 OK for: html2canvas@1.4.1 want: ^2.1.0
115 silly placeDep ROOT text-segmentation@1.0.3 OK for: html2canvas@1.4.1 want: ^1.0.3
116 silly fetch manifest utrie@^1.0.2
117 silly packumentCache full:https://registry.npmjs.org/utrie cache-miss
118 silly fetch manifest utrie@^1.0.2
119 silly packumentCache full:https://registry.npmjs.org/utrie cache-miss
120 http fetch GET 200 https://registry.npmjs.org/utrie 49ms (cache miss)
121 silly packumentCache full:https://registry.npmjs.org/utrie set size:undefined disposed:false
122 http fetch GET 200 https://registry.npmjs.org/utrie 53ms (cache miss)
123 silly packumentCache full:https://registry.npmjs.org/utrie set size:undefined disposed:false
124 silly placeDep ROOT utrie@1.0.2 OK for: css-line-break@2.1.0 want: ^1.0.2
125 silly fetch manifest base64-arraybuffer@^1.0.2
126 silly packumentCache full:https://registry.npmjs.org/base64-arraybuffer cache-miss
127 http fetch GET 200 https://registry.npmjs.org/base64-arraybuffer 41ms (cache miss)
128 silly packumentCache full:https://registry.npmjs.org/base64-arraybuffer set size:undefined disposed:false
129 silly placeDep ROOT performance-now@2.1.0 OK for: raf@3.4.1 want: ^2.1.0
130 silly fetch manifest react@^18.0 || ^19.0 || ^19.0.0-rc
131 silly packumentCache full:https://registry.npmjs.org/react cache-miss
132 http fetch GET 200 https://registry.npmjs.org/react 2026ms (cache miss)
133 silly packumentCache full:https://registry.npmjs.org/react set size:undefined disposed:false
134 silly fetch manifest react-dom@^18.0 || ^19.0 || ^19.0.0-rc
135 silly packumentCache full:https://registry.npmjs.org/react-dom cache-miss
136 http fetch GET 200 https://registry.npmjs.org/react-dom 2002ms (cache miss)
137 silly packumentCache full:https://registry.npmjs.org/react-dom set size:undefined disposed:false
138 silly placeDep ROOT @react-email/render@1.1.2 OK for: resend@4.8.0 want: 1.1.2
139 silly fetch manifest prettier@^3.5.3
140 silly packumentCache full:https://registry.npmjs.org/prettier cache-miss
141 silly fetch manifest html-to-text@^9.0.5
142 silly packumentCache full:https://registry.npmjs.org/html-to-text cache-miss
143 silly fetch manifest react-promise-suspense@^0.3.4
144 silly packumentCache full:https://registry.npmjs.org/react-promise-suspense cache-miss
145 http fetch GET 200 https://registry.npmjs.org/html-to-text 138ms (cache miss)
146 silly packumentCache full:https://registry.npmjs.org/html-to-text set size:undefined disposed:false
147 http fetch GET 200 https://registry.npmjs.org/react-promise-suspense 220ms (cache miss)
148 silly packumentCache full:https://registry.npmjs.org/react-promise-suspense set size:undefined disposed:false
149 http fetch GET 200 https://registry.npmjs.org/prettier 360ms (cache miss)
150 silly packumentCache full:https://registry.npmjs.org/prettier set size:undefined disposed:false
151 silly placeDep ROOT html-to-text@9.0.5 OK for: @react-email/render@1.1.2 want: ^9.0.5
152 silly placeDep ROOT prettier@3.8.1 OK for: @react-email/render@1.1.2 want: ^3.5.3
153 silly placeDep ROOT react-promise-suspense@0.3.4 OK for: @react-email/render@1.1.2 want: ^0.3.4
154 silly fetch manifest @selderee/plugin-htmlparser2@^0.11.0
155 silly packumentCache full:https://registry.npmjs.org/@selderee%2fplugin-htmlparser2 cache-miss
156 silly fetch manifest deepmerge@^4.3.1
157 silly packumentCache full:https://registry.npmjs.org/deepmerge cache-miss
158 silly fetch manifest dom-serializer@^2.0.0
159 silly packumentCache full:https://registry.npmjs.org/dom-serializer cache-miss
160 silly fetch manifest htmlparser2@^8.0.2
161 silly packumentCache full:https://registry.npmjs.org/htmlparser2 cache-miss
162 silly fetch manifest selderee@^0.11.0
163 silly packumentCache full:https://registry.npmjs.org/selderee cache-miss
164 silly fetch manifest fast-deep-equal@^2.0.1
165 silly packumentCache full:https://registry.npmjs.org/fast-deep-equal cache-miss
166 http fetch GET 200 https://registry.npmjs.org/dom-serializer 111ms (cache miss)
167 silly packumentCache full:https://registry.npmjs.org/dom-serializer set size:undefined disposed:false
168 http fetch GET 200 https://registry.npmjs.org/htmlparser2 129ms (cache miss)
169 silly packumentCache full:https://registry.npmjs.org/htmlparser2 set size:undefined disposed:false
170 http fetch GET 200 https://registry.npmjs.org/deepmerge 183ms (cache miss)
171 silly packumentCache full:https://registry.npmjs.org/deepmerge set size:undefined disposed:false
172 http fetch GET 200 https://registry.npmjs.org/selderee 186ms (cache miss)
173 silly packumentCache full:https://registry.npmjs.org/selderee set size:undefined disposed:false
174 http fetch GET 200 https://registry.npmjs.org/fast-deep-equal 198ms (cache miss)
175 silly packumentCache full:https://registry.npmjs.org/fast-deep-equal set size:undefined disposed:false
176 http fetch GET 200 https://registry.npmjs.org/@selderee%2fplugin-htmlparser2 410ms (cache miss)
177 silly packumentCache full:https://registry.npmjs.org/@selderee%2fplugin-htmlparser2 set size:undefined disposed:false
178 silly placeDep ROOT @selderee/plugin-htmlparser2@0.11.0 OK for: html-to-text@9.0.5 want: ^0.11.0
179 silly placeDep ROOT deepmerge@4.3.1 OK for: html-to-text@9.0.5 want: ^4.3.1
180 silly placeDep ROOT dom-serializer@2.0.0 OK for: html-to-text@9.0.5 want: ^2.0.0
181 silly placeDep ROOT htmlparser2@8.0.2 OK for: html-to-text@9.0.5 want: ^8.0.2
182 silly placeDep ROOT selderee@0.11.0 OK for: html-to-text@9.0.5 want: ^0.11.0
183 silly fetch manifest domhandler@^5.0.3
184 silly packumentCache full:https://registry.npmjs.org/domhandler cache-miss
185 silly fetch manifest entities@^4.2.0
186 silly packumentCache full:https://registry.npmjs.org/entities cache-miss
187 silly fetch manifest domhandler@^5.0.2
188 silly packumentCache full:https://registry.npmjs.org/domhandler cache-miss
189 silly fetch manifest domelementtype@^2.3.0
190 silly packumentCache full:https://registry.npmjs.org/domelementtype cache-miss
191 silly fetch manifest domutils@^3.0.1
192 silly packumentCache full:https://registry.npmjs.org/domutils cache-miss
193 silly fetch manifest entities@^4.4.0
194 silly packumentCache full:https://registry.npmjs.org/entities cache-miss
195 silly fetch manifest domhandler@^5.0.3
196 silly packumentCache full:https://registry.npmjs.org/domhandler cache-miss
197 silly fetch manifest domelementtype@^2.3.0
198 silly packumentCache full:https://registry.npmjs.org/domelementtype cache-miss
199 silly fetch manifest parseley@^0.12.0
200 silly packumentCache full:https://registry.npmjs.org/parseley cache-miss
201 http fetch GET 200 https://registry.npmjs.org/domelementtype 73ms (cache miss)
202 silly packumentCache full:https://registry.npmjs.org/domelementtype set size:undefined disposed:false
203 http fetch GET 200 https://registry.npmjs.org/entities 123ms (cache miss)
204 silly packumentCache full:https://registry.npmjs.org/entities set size:undefined disposed:false
205 http fetch GET 200 https://registry.npmjs.org/domhandler 151ms (cache miss)
206 silly packumentCache full:https://registry.npmjs.org/domhandler set size:undefined disposed:false
207 http fetch GET 200 https://registry.npmjs.org/domutils 200ms (cache miss)
208 silly packumentCache full:https://registry.npmjs.org/domutils set size:undefined disposed:false
209 http fetch GET 200 https://registry.npmjs.org/entities 243ms (cache miss)
210 silly packumentCache full:https://registry.npmjs.org/entities set size:undefined disposed:false
211 http fetch GET 200 https://registry.npmjs.org/domelementtype 257ms (cache miss)
212 silly packumentCache full:https://registry.npmjs.org/domelementtype set size:undefined disposed:false
213 http fetch GET 200 https://registry.npmjs.org/domhandler 266ms (cache miss)
214 silly packumentCache full:https://registry.npmjs.org/domhandler set size:undefined disposed:false
215 http fetch GET 200 https://registry.npmjs.org/domhandler 326ms (cache miss)
216 silly packumentCache full:https://registry.npmjs.org/domhandler set size:undefined disposed:false
217 http fetch GET 200 https://registry.npmjs.org/parseley 356ms (cache miss)
218 silly packumentCache full:https://registry.npmjs.org/parseley set size:undefined disposed:false
219 silly placeDep ROOT domhandler@5.0.3 OK for: @selderee/plugin-htmlparser2@0.11.0 want: ^5.0.3
220 silly placeDep ROOT domelementtype@2.3.0 OK for: dom-serializer@2.0.0 want: ^2.3.0
221 silly placeDep ROOT entities@4.5.0 OK for: dom-serializer@2.0.0 want: ^4.2.0
222 silly placeDep ROOT domutils@3.2.2 OK for: htmlparser2@8.0.2 want: ^3.0.1
223 silly placeDep node_modules/react-promise-suspense fast-deep-equal@2.0.1 OK for: react-promise-suspense@0.3.4 want: ^2.0.1
224 silly placeDep ROOT parseley@0.12.1 OK for: selderee@0.11.0 want: ^0.12.0
225 silly fetch manifest leac@^0.6.0
226 silly packumentCache full:https://registry.npmjs.org/leac cache-miss
227 silly fetch manifest peberminta@^0.9.0
228 silly packumentCache full:https://registry.npmjs.org/peberminta cache-miss
229 http fetch GET 200 https://registry.npmjs.org/peberminta 51ms (cache miss)
230 silly packumentCache full:https://registry.npmjs.org/peberminta set size:undefined disposed:false
231 http fetch GET 200 https://registry.npmjs.org/leac 403ms (cache miss)
232 silly packumentCache full:https://registry.npmjs.org/leac set size:undefined disposed:false
233 silly placeDep ROOT leac@0.6.0 OK for: parseley@0.12.1 want: ^0.6.0
234 silly placeDep ROOT peberminta@0.9.0 OK for: parseley@0.12.1 want: ^0.9.0
235 silly placeDep ROOT base64-arraybuffer@1.0.2 OK for: utrie@1.0.2 want: ^1.0.2
236 silly reify moves {}
237 silly audit bulk request {
237 silly audit   '@alloc/quick-lru': [ '5.2.0' ],
237 silly audit   '@emnapi/core': [ '1.8.1' ],
237 silly audit   '@emnapi/runtime': [ '1.8.1' ],
237 silly audit   '@emnapi/wasi-threads': [ '1.1.0' ],
237 silly audit   '@eslint-community/eslint-utils': [ '4.9.1' ],
237 silly audit   '@eslint-community/regexpp': [ '4.12.2' ],
237 silly audit   '@eslint/eslintrc': [ '2.1.4' ],
237 silly audit   '@eslint/js': [ '8.57.1' ],
237 silly audit   '@humanwhocodes/config-array': [ '0.13.0' ],
237 silly audit   '@humanwhocodes/module-importer': [ '1.0.1' ],
237 silly audit   '@humanwhocodes/object-schema': [ '2.0.3' ],
237 silly audit   '@isaacs/cliui': [ '8.0.2' ],
237 silly audit   'ansi-regex': [ '6.2.2', '5.0.1' ],
237 silly audit   'strip-ansi': [ '7.1.2', '6.0.1' ],
237 silly audit   '@jridgewell/gen-mapping': [ '0.3.13' ],
237 silly audit   '@jridgewell/resolve-uri': [ '3.1.2' ],
237 silly audit   '@jridgewell/sourcemap-codec': [ '1.5.5' ],
237 silly audit   '@jridgewell/trace-mapping': [ '0.3.31' ],
237 silly audit   '@napi-rs/wasm-runtime': [ '0.2.12' ],
237 silly audit   '@next/env': [ '14.2.35' ],
237 silly audit   '@next/eslint-plugin-next': [ '14.2.35' ],
237 silly audit   '@next/swc-darwin-arm64': [ '14.2.33' ],
237 silly audit   '@next/swc-darwin-x64': [ '14.2.33' ],
237 silly audit   '@next/swc-linux-arm64-gnu': [ '14.2.33' ],
237 silly audit   '@next/swc-linux-arm64-musl': [ '14.2.33' ],
237 silly audit   '@next/swc-linux-x64-gnu': [ '14.2.33' ],
237 silly audit   '@next/swc-linux-x64-musl': [ '14.2.33' ],
237 silly audit   '@next/swc-win32-arm64-msvc': [ '14.2.33' ],
237 silly audit   '@next/swc-win32-ia32-msvc': [ '14.2.33' ],
237 silly audit   '@next/swc-win32-x64-msvc': [ '14.2.33' ],
237 silly audit   '@nodelib/fs.scandir': [ '2.1.5' ],
237 silly audit   '@nodelib/fs.stat': [ '2.0.5' ],
237 silly audit   '@nodelib/fs.walk': [ '1.2.8' ],
237 silly audit   '@nolyfill/is-core-module': [ '1.0.39' ],
237 silly audit   '@pkgjs/parseargs': [ '0.11.0' ],
237 silly audit   '@rtsao/scc': [ '1.1.0' ],
237 silly audit   '@rushstack/eslint-patch': [ '1.16.1' ],
237 silly audit   '@swc/counter': [ '0.1.3' ],
237 silly audit   '@swc/helpers': [ '0.5.5' ],
237 silly audit   '@tybys/wasm-util': [ '0.10.1' ],
237 silly audit   '@types/json5': [ '0.0.29' ],
237 silly audit   '@types/node': [ '20.19.33' ],
237 silly audit   '@types/prop-types': [ '15.7.15' ],
237 silly audit   '@types/react': [ '18.3.28' ],
237 silly audit   '@types/react-dom': [ '18.3.7' ],
237 silly audit   '@typescript-eslint/eslint-plugin': [ '8.56.1' ],
237 silly audit   ignore: [ '7.0.5', '5.3.2' ],
237 silly audit   '@typescript-eslint/parser': [ '8.56.1' ],
237 silly audit   '@typescript-eslint/project-service': [ '8.56.1' ],
237 silly audit   '@typescript-eslint/scope-manager': [ '8.56.1' ],
237 silly audit   '@typescript-eslint/tsconfig-utils': [ '8.56.1' ],
237 silly audit   '@typescript-eslint/type-utils': [ '8.56.1' ],
237 silly audit   '@typescript-eslint/types': [ '8.56.1' ],
237 silly audit   '@typescript-eslint/typescript-estree': [ '8.56.1' ],
237 silly audit   'balanced-match': [ '4.0.4', '1.0.2' ],
237 silly audit   'brace-expansion': [ '5.0.3', '1.1.12' ],
237 silly audit   minimatch: [ '10.2.2', '9.0.6', '3.1.3' ],
237 silly audit   '@typescript-eslint/utils': [ '8.56.1' ],
237 silly audit   '@typescript-eslint/visitor-keys': [ '8.56.1' ],
237 silly audit   'eslint-visitor-keys': [ '5.0.1', '3.4.3' ],
237 silly audit   '@ungap/structured-clone': [ '1.3.0' ],
237 silly audit   '@unrs/resolver-binding-android-arm-eabi': [ '1.11.1' ],
237 silly audit   '@unrs/resolver-binding-android-arm64': [ '1.11.1' ],
237 silly audit   '@unrs/resolver-binding-darwin-arm64': [ '1.11.1' ],
237 silly audit   '@unrs/resolver-binding-darwin-x64': [ '1.11.1' ],
237 silly audit   '@unrs/resolver-binding-freebsd-x64': [ '1.11.1' ],
237 silly audit   '@unrs/resolver-binding-linux-arm-gnueabihf': [ '1.11.1' ],
237 silly audit   '@unrs/resolver-binding-linux-arm-musleabihf': [ '1.11.1' ],
237 silly audit   '@unrs/resolver-binding-linux-arm64-gnu': [ '1.11.1' ],
237 silly audit   '@unrs/resolver-binding-linux-arm64-musl': [ '1.11.1' ],
237 silly audit   '@unrs/resolver-binding-linux-ppc64-gnu': [ '1.11.1' ],
237 silly audit   '@unrs/resolver-binding-linux-riscv64-gnu': [ '1.11.1' ],
237 silly audit   '@unrs/resolver-binding-linux-riscv64-musl': [ '1.11.1' ],
237 silly audit   '@unrs/resolver-binding-linux-s390x-gnu': [ '1.11.1' ],
237 silly audit   '@unrs/resolver-binding-linux-x64-gnu': [ '1.11.1' ],
237 silly audit   '@unrs/resolver-binding-linux-x64-musl': [ '1.11.1' ],
237 silly audit   '@unrs/resolver-binding-wasm32-wasi': [ '1.11.1' ],
237 silly audit   '@unrs/resolver-binding-win32-arm64-msvc': [ '1.11.1' ],
237 silly audit   '@unrs/resolver-binding-win32-ia32-msvc': [ '1.11.1' ],
237 silly audit   '@unrs/resolver-binding-win32-x64-msvc': [ '1.11.1' ],
237 silly audit   acorn: [ '8.16.0' ],
237 silly audit   'acorn-jsx': [ '5.3.2' ],
237 silly audit   ajv: [ '6.14.0' ],
237 silly audit   'ansi-styles': [ '4.3.0', '6.2.3' ],
237 silly audit   'any-promise': [ '1.3.0' ],
237 silly audit   anymatch: [ '3.1.3' ],
237 silly audit   arg: [ '5.0.2' ],
237 silly audit   argparse: [ '2.0.1' ],
237 silly audit   'aria-query': [ '5.3.2' ],
237 silly audit   'array-buffer-byte-length': [ '1.0.2' ],
237 silly audit   'array-includes': [ '3.1.9' ],
237 silly audit   'array.prototype.findlast': [ '1.2.5' ],
237 silly audit   'array.prototype.findlastindex': [ '1.2.6' ],
237 silly audit   'array.prototype.flat': [ '1.3.3' ],
237 silly audit   'array.prototype.flatmap': [ '1.3.3' ],
237 silly audit   'array.prototype.tosorted': [ '1.1.4' ],
237 silly audit   'arraybuffer.prototype.slice': [ '1.0.4' ],
237 silly audit   'ast-types-flow': [ '0.0.8' ],
237 silly audit   'async-function': [ '1.0.0' ],
237 silly audit   'available-typed-arrays': [ '1.0.7' ],
237 silly audit   'axe-core': [ '4.11.1' ],
237 silly audit   'axobject-query': [ '4.1.0' ],
237 silly audit   'binary-extensions': [ '2.3.0' ],
237 silly audit   braces: [ '3.0.3' ],
237 silly audit   busboy: [ '1.6.0' ],
237 silly audit   'call-bind': [ '1.0.8' ],
237 silly audit   'call-bind-apply-helpers': [ '1.0.2' ],
237 silly audit   'call-bound': [ '1.0.4' ],
237 silly audit   callsites: [ '3.1.0' ],
237 silly audit   'camelcase-css': [ '2.0.1' ],
237 silly audit   'caniuse-lite': [ '1.0.30001774' ],
237 silly audit   chalk: [ '4.1.2' ],
237 silly audit   chokidar: [ '3.6.0' ],
237 silly audit   'glob-parent': [ '5.1.2', '6.0.2' ],
237 silly audit   'client-only': [ '0.0.1' ],
237 silly audit   'color-convert': [ '2.0.1' ],
237 silly audit   'color-name': [ '1.1.4' ],
237 silly audit   commander: [ '4.1.1' ],
237 silly audit   'concat-map': [ '0.0.1' ],
237 silly audit   'cross-spawn': [ '7.0.6' ],
237 silly audit   cssesc: [ '3.0.0' ],
237 silly audit   csstype: [ '3.2.3' ],
237 silly audit   'damerau-levenshtein': [ '1.0.8' ],
237 silly audit   'data-view-buffer': [ '1.0.2' ],
237 silly audit   'data-view-byte-length': [ '1.0.2' ],
237 silly audit   'data-view-byte-offset': [ '1.0.1' ],
237 silly audit   debug: [ '4.4.3', '3.2.7' ],
237 silly audit   'deep-is': [ '0.1.4' ],
237 silly audit   'define-data-property': [ '1.1.4' ],
237 silly audit   'define-properties': [ '1.2.1' ],
237 silly audit   didyoumean: [ '1.2.2' ],
237 silly audit   dlv: [ '1.1.3' ],
237 silly audit   doctrine: [ '3.0.0', '2.1.0' ],
237 silly audit   'dunder-proto': [ '1.0.1' ],
237 silly audit   eastasianwidth: [ '0.2.0' ],
237 silly audit   'emoji-regex': [ '9.2.2', '8.0.0' ],
237 silly audit   'es-abstract': [ '1.24.1' ],
237 silly audit   'es-define-property': [ '1.0.1' ],
237 silly audit   'es-errors': [ '1.3.0' ],
237 silly audit   'es-iterator-helpers': [ '1.2.2' ],
237 silly audit   'es-object-atoms': [ '1.1.1' ],
237 silly audit   'es-set-tostringtag': [ '2.1.0' ],
237 silly audit   'es-shim-unscopables': [ '1.1.0' ],
237 silly audit   'es-to-primitive': [ '1.3.0' ],
237 silly audit   'escape-string-regexp': [ '4.0.0' ],
237 silly audit   eslint: [ '8.57.1' ],
237 silly audit   'eslint-config-next': [ '14.2.35' ],
237 silly audit   'eslint-import-resolver-node': [ '0.3.9' ],
237 silly audit   'eslint-import-resolver-typescript': [ '3.10.1' ],
237 silly audit   'eslint-module-utils': [ '2.12.1' ],
237 silly audit   'eslint-plugin-import': [ '2.32.0' ],
237 silly audit   semver: [ '6.3.1', '7.7.4' ],
237 silly audit   'eslint-plugin-jsx-a11y': [ '6.10.2' ],
237 silly audit   'eslint-plugin-react': [ '7.37.5' ],
237 silly audit   'eslint-plugin-react-hooks': [ '5.0.0-canary-7118f5dd7-20230705' ],
237 silly audit   resolve: [ '2.0.0-next.6', '1.22.11' ],
237 silly audit   'eslint-scope': [ '7.2.2' ],
237 silly audit   espree: [ '9.6.1' ],
237 silly audit   esquery: [ '1.7.0' ],
237 silly audit   esrecurse: [ '4.3.0' ],
237 silly audit   estraverse: [ '5.3.0' ],
237 silly audit   esutils: [ '2.0.3' ],
237 silly audit   'fast-deep-equal': [ '3.1.3', '2.0.1' ],
237 silly audit   'fast-glob': [ '3.3.3' ],
237 silly audit   'fast-json-stable-stringify': [ '2.1.0' ],
237 silly audit   'fast-levenshtein': [ '2.0.6' ],
237 silly audit   fastq: [ '1.20.1' ],
237 silly audit   'file-entry-cache': [ '6.0.1' ],
237 silly audit   'fill-range': [ '7.1.1' ],
237 silly audit   'find-up': [ '5.0.0' ],
237 silly audit   'flat-cache': [ '3.2.0' ],
237 silly audit   flatted: [ '3.3.3' ],
237 silly audit   'for-each': [ '0.3.5' ],
237 silly audit   'foreground-child': [ '3.3.1' ],
237 silly audit   'fs.realpath': [ '1.0.0' ],
237 silly audit   fsevents: [ '2.3.3' ],
237 silly audit   'function-bind': [ '1.1.2' ],
237 silly audit   'function.prototype.name': [ '1.1.8' ],
237 silly audit   'functions-have-names': [ '1.2.3' ],
237 silly audit   'generator-function': [ '2.0.1' ],
237 silly audit   'get-intrinsic': [ '1.3.0' ],
237 silly audit   'get-proto': [ '1.0.1' ],
237 silly audit   'get-symbol-description': [ '1.1.0' ],
237 silly audit   'get-tsconfig': [ '4.13.6' ],
237 silly audit   glob: [ '10.3.10', '7.2.3' ],
237 silly audit   globals: [ '13.24.0' ],
237 silly audit   globalthis: [ '1.0.4' ],
237 silly audit   gopd: [ '1.2.0' ],
237 silly audit   'graceful-fs': [ '4.2.11' ],
237 silly audit   graphemer: [ '1.4.0' ],
237 silly audit   'has-bigints': [ '1.1.0' ],
237 silly audit   'has-flag': [ '4.0.0' ],
237 silly audit   'has-property-descriptors': [ '1.0.2' ],
237 silly audit   'has-proto': [ '1.2.0' ],
237 silly audit   'has-symbols': [ '1.1.0' ],
237 silly audit   'has-tostringtag': [ '1.0.2' ],
237 silly audit   hasown: [ '2.0.2' ],
237 silly audit   'import-fresh': [ '3.3.1' ],
237 silly audit   imurmurhash: [ '0.1.4' ],
237 silly audit   inflight: [ '1.0.6' ],
237 silly audit   inherits: [ '2.0.4' ],
237 silly audit   'internal-slot': [ '1.1.0' ],
237 silly audit   'is-array-buffer': [ '3.0.5' ],
237 silly audit   'is-async-function': [ '2.1.1' ],
237 silly audit   'is-bigint': [ '1.1.0' ],
237 silly audit   'is-binary-path': [ '2.1.0' ],
237 silly audit   'is-boolean-object': [ '1.2.2' ],
237 silly audit   'is-bun-module': [ '2.0.0' ],
237 silly audit   'is-callable': [ '1.2.7' ],
237 silly audit   'is-core-module': [ '2.16.1' ],
237 silly audit   'is-data-view': [ '1.0.2' ],
237 silly audit   'is-date-object': [ '1.1.0' ],
237 silly audit   'is-extglob': [ '2.1.1' ],
237 silly audit   'is-finalizationregistry': [ '1.1.1' ],
237 silly audit   'is-fullwidth-code-point': [ '3.0.0' ],
237 silly audit   'is-generator-function': [ '1.1.2' ],
237 silly audit   'is-glob': [ '4.0.3' ],
237 silly audit   'is-map': [ '2.0.3' ],
237 silly audit   'is-negative-zero': [ '2.0.3' ],
237 silly audit   'is-number': [ '7.0.0' ],
237 silly audit   'is-number-object': [ '1.1.1' ],
237 silly audit   'is-path-inside': [ '3.0.3' ],
237 silly audit   'is-regex': [ '1.2.1' ],
237 silly audit   'is-set': [ '2.0.3' ],
237 silly audit   'is-shared-array-buffer': [ '1.0.4' ],
237 silly audit   'is-string': [ '1.1.1' ],
237 silly audit   'is-symbol': [ '1.1.1' ],
237 silly audit   'is-typed-array': [ '1.1.15' ],
237 silly audit   'is-weakmap': [ '2.0.2' ],
237 silly audit   'is-weakref': [ '1.1.1' ],
237 silly audit   'is-weakset': [ '2.0.4' ],
237 silly audit   isarray: [ '2.0.5' ],
237 silly audit   isexe: [ '2.0.0' ],
237 silly audit   'iterator.prototype': [ '1.1.5' ],
237 silly audit   jackspeak: [ '2.3.6' ],
237 silly audit   jiti: [ '1.21.7' ],
237 silly audit   'js-tokens': [ '4.0.0' ],
237 silly audit   'js-yaml': [ '4.1.1' ],
237 silly audit   'json-buffer': [ '3.0.1' ],
237 silly audit   'json-schema-traverse': [ '0.4.1' ],
237 silly audit   'json-stable-stringify-without-jsonify': [ '1.0.1' ],
237 silly audit   json5: [ '1.0.2' ],
237 silly audit   'jsx-ast-utils': [ '3.3.5' ],
237 silly audit   keyv: [ '4.5.4' ],
237 silly audit   'language-subtag-registry': [ '0.3.23' ],
237 silly audit   'language-tags': [ '1.0.9' ],
237 silly audit   levn: [ '0.4.1' ],
237 silly audit   lilconfig: [ '3.1.3' ],
237 silly audit   'lines-and-columns': [ '1.2.4' ],
237 silly audit   'locate-path': [ '6.0.0' ],
237 silly audit   'lodash.merge': [ '4.6.2' ],
237 silly audit   'loose-envify': [ '1.4.0' ],
237 silly audit   'lru-cache': [ '10.4.3' ],
237 silly audit   'math-intrinsics': [ '1.1.0' ],
237 silly audit   merge2: [ '1.4.1' ],
237 silly audit   micromatch: [ '4.0.8' ],
237 silly audit   minimist: [ '1.2.8' ],
237 silly audit   minipass: [ '7.1.3' ],
237 silly audit   ms: [ '2.1.3' ],
237 silly audit   mz: [ '2.7.0' ],
237 silly audit   nanoid: [ '3.3.11' ],
237 silly audit   'napi-postinstall': [ '0.3.4' ],
237 silly audit   'natural-compare': [ '1.4.0' ],
237 silly audit   next: [ '14.2.35' ],
237 silly audit   postcss: [ '8.4.31', '8.5.6' ],
237 silly audit   'node-exports-info': [ '1.6.0' ],
237 silly audit   'normalize-path': [ '3.0.0' ],
237 silly audit   'object-assign': [ '4.1.1' ],
237 silly audit   'object-hash': [ '3.0.0' ],
237 silly audit   'object-inspect': [ '1.13.4' ],
237 silly audit   'object-keys': [ '1.1.1' ],
237 silly audit   'object.assign': [ '4.1.7' ],
237 silly audit   'object.entries': [ '1.1.9' ],
237 silly audit   'object.fromentries': [ '2.0.8' ],
237 silly audit   'object.groupby': [ '1.0.3' ],
237 silly audit   'object.values': [ '1.2.1' ],
237 silly audit   once: [ '1.4.0' ],
237 silly audit   optionator: [ '0.9.4' ],
237 silly audit   'own-keys': [ '1.0.1' ],
237 silly audit   'p-limit': [ '3.1.0' ],
237 silly audit   'p-locate': [ '5.0.0' ],
237 silly audit   'parent-module': [ '1.0.1' ],
237 silly audit   'path-exists': [ '4.0.0' ],
237 silly audit   'path-is-absolute': [ '1.0.1' ],
237 silly audit   'path-key': [ '3.1.1' ],
237 silly audit   'path-parse': [ '1.0.7' ],
237 silly audit   'path-scurry': [ '1.11.1' ],
237 silly audit   picocolors: [ '1.1.1' ],
237 silly audit   picomatch: [ '2.3.1', '4.0.3' ],
237 silly audit   pify: [ '2.3.0' ],
237 silly audit   pirates: [ '4.0.7' ],
237 silly audit   'possible-typed-array-names': [ '1.1.0' ],
237 silly audit   'postcss-import': [ '15.1.0' ],
237 silly audit   'postcss-js': [ '4.1.0' ],
237 silly audit   'postcss-load-config': [ '6.0.1' ],
237 silly audit   'postcss-nested': [ '6.2.0' ],
237 silly audit   'postcss-selector-parser': [ '6.1.2' ],
237 silly audit   'postcss-value-parser': [ '4.2.0' ],
237 silly audit   'prelude-ls': [ '1.2.1' ],
237 silly audit   'prop-types': [ '15.8.1' ],
237 silly audit   punycode: [ '2.3.1' ],
237 silly audit   'queue-microtask': [ '1.2.3' ],
237 silly audit   react: [ '18.3.1' ],
237 silly audit   'react-dom': [ '18.3.1' ],
237 silly audit   'react-is': [ '16.13.1' ],
237 silly audit   'read-cache': [ '1.0.0' ],
237 silly audit   readdirp: [ '3.6.0' ],
237 silly audit   'reflect.getprototypeof': [ '1.0.10' ],
237 silly audit   'regexp.prototype.flags': [ '1.5.4' ],
237 silly audit   'resolve-from': [ '4.0.0' ],
237 silly audit   'resolve-pkg-maps': [ '1.0.0' ],
237 silly audit   reusify: [ '1.1.0' ],
237 silly audit   rimraf: [ '3.0.2' ],
237 silly audit   'run-parallel': [ '1.2.0' ],
237 silly audit   'safe-array-concat': [ '1.1.3' ],
237 silly audit   'safe-push-apply': [ '1.0.0' ],
237 silly audit   'safe-regex-test': [ '1.1.0' ],
237 silly audit   scheduler: [ '0.23.2' ],
237 silly audit   'set-function-length': [ '1.2.2' ],
237 silly audit   'set-function-name': [ '2.0.2' ],
237 silly audit   'set-proto': [ '1.0.0' ],
237 silly audit   'shebang-command': [ '2.0.0' ],
237 silly audit   'shebang-regex': [ '3.0.0' ],
237 silly audit   'side-channel': [ '1.1.0' ],
237 silly audit   'side-channel-list': [ '1.0.0' ],
237 silly audit   'side-channel-map': [ '1.0.1' ],
237 silly audit   'side-channel-weakmap': [ '1.0.2' ],
237 silly audit   'signal-exit': [ '4.1.0' ],
237 silly audit   'source-map-js': [ '1.2.1' ],
237 silly audit   'stable-hash': [ '0.0.5' ],
237 silly audit   'stop-iteration-iterator': [ '1.1.0' ],
237 silly audit   streamsearch: [ '1.1.0' ],
237 silly audit   'string-width': [ '5.1.2', '4.2.3' ],
237 silly audit   'string.prototype.includes': [ '2.0.1' ],
237 silly audit   'string.prototype.matchall': [ '4.0.12' ],
237 silly audit   'string.prototype.repeat': [ '1.0.0' ],
237 silly audit   'string.prototype.trim': [ '1.2.10' ],
237 silly audit   'string.prototype.trimend': [ '1.0.9' ],
237 silly audit   'string.prototype.trimstart': [ '1.0.8' ],
237 silly audit   'strip-bom': [ '3.0.0' ],
237 silly audit   'strip-json-comments': [ '3.1.1' ],
237 silly audit   'styled-jsx': [ '5.1.1' ],
237 silly audit   sucrase: [ '3.35.1' ],
237 silly audit   'supports-color': [ '7.2.0' ],
237 silly audit   'supports-preserve-symlinks-flag': [ '1.0.0' ],
237 silly audit   tailwindcss: [ '3.4.19' ],
237 silly audit   'text-table': [ '0.2.0' ],
237 silly audit   thenify: [ '3.3.1' ],
237 silly audit   'thenify-all': [ '1.6.0' ],
237 silly audit   tinyglobby: [ '0.2.15' ],
237 silly audit   fdir: [ '6.5.0' ],
237 silly audit   'to-regex-range': [ '5.0.1' ],
237 silly audit   'ts-api-utils': [ '2.4.0' ],
237 silly audit   'ts-interface-checker': [ '0.1.13' ],
237 silly audit   'tsconfig-paths': [ '3.15.0' ],
237 silly audit   tslib: [ '2.8.1' ],
237 silly audit   'type-check': [ '0.4.0' ],
237 silly audit   'type-fest': [ '0.20.2' ],
237 silly audit   'typed-array-buffer': [ '1.0.3' ],
237 silly audit   'typed-array-byte-length': [ '1.0.3' ],
237 silly audit   'typed-array-byte-offset': [ '1.0.4' ],
237 silly audit   'typed-array-length': [ '1.0.7' ],
237 silly audit   typescript: [ '5.9.3' ],
237 silly audit   'unbox-primitive': [ '1.1.0' ],
237 silly audit   'undici-types': [ '6.21.0' ],
237 silly audit   'unrs-resolver': [ '1.11.1' ],
237 silly audit   'uri-js': [ '4.4.1' ],
237 silly audit   'util-deprecate': [ '1.0.2' ],
237 silly audit   which: [ '2.0.2' ],
237 silly audit   'which-boxed-primitive': [ '1.1.1' ],
237 silly audit   'which-builtin-type': [ '1.2.1' ],
237 silly audit   'which-collection': [ '1.0.2' ],
237 silly audit   'which-typed-array': [ '1.1.20' ],
237 silly audit   'word-wrap': [ '1.2.5' ],
237 silly audit   'wrap-ansi': [ '8.1.0', '7.0.0' ],
237 silly audit   wrappy: [ '1.0.2' ],
237 silly audit   'yocto-queue': [ '0.1.0' ],
237 silly audit   jspdf: [ '2.5.2' ],
237 silly audit   resend: [ '4.8.0' ],
237 silly audit   '@babel/runtime': [ '7.28.6' ],
237 silly audit   atob: [ '2.1.2' ],
237 silly audit   btoa: [ '1.2.1' ],
237 silly audit   canvg: [ '3.0.11' ],
237 silly audit   'core-js': [ '3.48.0' ],
237 silly audit   dompurify: [ '2.5.8' ],
237 silly audit   fflate: [ '0.8.2' ],
237 silly audit   html2canvas: [ '1.4.1' ],
237 silly audit   '@types/raf': [ '3.4.3' ],
237 silly audit   raf: [ '3.4.1' ],
237 silly audit   'regenerator-runtime': [ '0.13.11' ],
237 silly audit   rgbcolor: [ '1.0.1' ],
237 silly audit   'stackblur-canvas': [ '2.7.0' ],
237 silly audit   'svg-pathdata': [ '6.0.3' ],
237 silly audit   'css-line-break': [ '2.1.0' ],
237 silly audit   'text-segmentation': [ '1.0.3' ],
237 silly audit   utrie: [ '1.0.2' ],
237 silly audit   'performance-now': [ '2.1.0' ],
237 silly audit   '@react-email/render': [ '1.1.2' ],
237 silly audit   'html-to-text': [ '9.0.5' ],
237 silly audit   prettier: [ '3.8.1' ],
237 silly audit   'react-promise-suspense': [ '0.3.4' ],
237 silly audit   '@selderee/plugin-htmlparser2': [ '0.11.0' ],
237 silly audit   deepmerge: [ '4.3.1' ],
237 silly audit   'dom-serializer': [ '2.0.0' ],
237 silly audit   htmlparser2: [ '8.0.2' ],
237 silly audit   selderee: [ '0.11.0' ],
237 silly audit   domhandler: [ '5.0.3' ],
237 silly audit   domelementtype: [ '2.3.0' ],
237 silly audit   entities: [ '4.5.0' ],
237 silly audit   domutils: [ '3.2.2' ],
237 silly audit   parseley: [ '0.12.1' ],
237 silly audit   leac: [ '0.6.0' ],
237 silly audit   peberminta: [ '0.9.0' ],
237 silly audit   'base64-arraybuffer': [ '1.0.2' ]
237 silly audit }
238 http cache base64-arraybuffer@https://registry.npmjs.org/base64-arraybuffer/-/base64-arraybuffer-1.0.2.tgz 0ms (cache hit)
239 http cache peberminta@https://registry.npmjs.org/peberminta/-/peberminta-0.9.0.tgz 0ms (cache hit)
240 http cache parseley@https://registry.npmjs.org/parseley/-/parseley-0.12.1.tgz 0ms (cache hit)
241 http cache domutils@https://registry.npmjs.org/domutils/-/domutils-3.2.2.tgz 0ms (cache hit)
242 http cache leac@https://registry.npmjs.org/leac/-/leac-0.6.0.tgz 0ms (cache hit)
243 http cache entities@https://registry.npmjs.org/entities/-/entities-4.5.0.tgz 0ms (cache hit)
244 http cache domelementtype@https://registry.npmjs.org/domelementtype/-/domelementtype-2.3.0.tgz 0ms (cache hit)
245 http cache domhandler@https://registry.npmjs.org/domhandler/-/domhandler-5.0.3.tgz 0ms (cache hit)
246 http cache selderee@https://registry.npmjs.org/selderee/-/selderee-0.11.0.tgz 0ms (cache hit)
247 http cache htmlparser2@https://registry.npmjs.org/htmlparser2/-/htmlparser2-8.0.2.tgz 0ms (cache hit)
248 http cache deepmerge@https://registry.npmjs.org/deepmerge/-/deepmerge-4.3.1.tgz 0ms (cache hit)
249 http cache react-promise-suspense@https://registry.npmjs.org/react-promise-suspense/-/react-promise-suspense-0.3.4.tgz 0ms (cache hit)
250 http cache @selderee/plugin-htmlparser2@https://registry.npmjs.org/@selderee/plugin-htmlparser2/-/plugin-htmlparser2-0.11.0.tgz 0ms (cache hit)
251 http cache prettier@https://registry.npmjs.org/prettier/-/prettier-3.8.1.tgz 0ms (cache hit)
252 http cache html-to-text@https://registry.npmjs.org/html-to-text/-/html-to-text-9.0.5.tgz 0ms (cache hit)
253 http cache @react-email/render@https://registry.npmjs.org/@react-email/render/-/render-1.1.2.tgz 0ms (cache hit)
254 http cache utrie@https://registry.npmjs.org/utrie/-/utrie-1.0.2.tgz 0ms (cache hit)
255 http cache dom-serializer@https://registry.npmjs.org/dom-serializer/-/dom-serializer-2.0.0.tgz 0ms (cache hit)
256 http cache text-segmentation@https://registry.npmjs.org/text-segmentation/-/text-segmentation-1.0.3.tgz 0ms (cache hit)
257 http cache performance-now@https://registry.npmjs.org/performance-now/-/performance-now-2.1.0.tgz 0ms (cache hit)
258 http cache css-line-break@https://registry.npmjs.org/css-line-break/-/css-line-break-2.1.0.tgz 0ms (cache hit)
259 http cache svg-pathdata@https://registry.npmjs.org/svg-pathdata/-/svg-pathdata-6.0.3.tgz 0ms (cache hit)
260 http cache stackblur-canvas@https://registry.npmjs.org/stackblur-canvas/-/stackblur-canvas-2.7.0.tgz 0ms (cache hit)
261 http cache regenerator-runtime@https://registry.npmjs.org/regenerator-runtime/-/regenerator-runtime-0.13.11.tgz 0ms (cache hit)
262 http cache rgbcolor@https://registry.npmjs.org/rgbcolor/-/rgbcolor-1.0.1.tgz 0ms (cache hit)
263 http cache raf@https://registry.npmjs.org/raf/-/raf-3.4.1.tgz 0ms (cache hit)
264 http cache html2canvas@https://registry.npmjs.org/html2canvas/-/html2canvas-1.4.1.tgz 0ms (cache hit)
265 http cache @types/raf@https://registry.npmjs.org/@types/raf/-/raf-3.4.3.tgz 0ms (cache hit)
266 http cache core-js@https://registry.npmjs.org/core-js/-/core-js-3.48.0.tgz 0ms (cache hit)
267 http cache fflate@https://registry.npmjs.org/fflate/-/fflate-0.8.2.tgz 0ms (cache hit)
268 http cache canvg@https://registry.npmjs.org/canvg/-/canvg-3.0.11.tgz 0ms (cache hit)
269 http cache dompurify@https://registry.npmjs.org/dompurify/-/dompurify-2.5.8.tgz 0ms (cache hit)
270 http cache atob@https://registry.npmjs.org/atob/-/atob-2.1.2.tgz 0ms (cache hit)
271 http cache btoa@https://registry.npmjs.org/btoa/-/btoa-1.2.1.tgz 0ms (cache hit)
272 http cache resend@https://registry.npmjs.org/resend/-/resend-4.8.0.tgz 0ms (cache hit)
273 http cache @babel/runtime@https://registry.npmjs.org/@babel/runtime/-/runtime-7.28.6.tgz 0ms (cache hit)
274 http cache jspdf@https://registry.npmjs.org/jspdf/-/jspdf-2.5.2.tgz 0ms (cache hit)
275 http cache fsevents@https://registry.npmjs.org/fsevents/-/fsevents-2.3.3.tgz 0ms (cache hit)
276 http cache fast-deep-equal@https://registry.npmjs.org/fast-deep-equal/-/fast-deep-equal-2.0.1.tgz 0ms (cache hit)
277 silly tarball no local data for base64-arraybuffer@https://registry.npmjs.org/base64-arraybuffer/-/base64-arraybuffer-1.0.2.tgz. Extracting by manifest.
278 silly tarball no local data for peberminta@https://registry.npmjs.org/peberminta/-/peberminta-0.9.0.tgz. Extracting by manifest.
279 silly tarball no local data for parseley@https://registry.npmjs.org/parseley/-/parseley-0.12.1.tgz. Extracting by manifest.
280 silly tarball no local data for domutils@https://registry.npmjs.org/domutils/-/domutils-3.2.2.tgz. Extracting by manifest.
281 silly tarball no local data for leac@https://registry.npmjs.org/leac/-/leac-0.6.0.tgz. Extracting by manifest.
282 silly tarball no local data for entities@https://registry.npmjs.org/entities/-/entities-4.5.0.tgz. Extracting by manifest.
283 silly tarball no local data for domelementtype@https://registry.npmjs.org/domelementtype/-/domelementtype-2.3.0.tgz. Extracting by manifest.
284 silly tarball no local data for domhandler@https://registry.npmjs.org/domhandler/-/domhandler-5.0.3.tgz. Extracting by manifest.
285 silly tarball no local data for selderee@https://registry.npmjs.org/selderee/-/selderee-0.11.0.tgz. Extracting by manifest.
286 silly tarball no local data for htmlparser2@https://registry.npmjs.org/htmlparser2/-/htmlparser2-8.0.2.tgz. Extracting by manifest.
287 silly tarball no local data for deepmerge@https://registry.npmjs.org/deepmerge/-/deepmerge-4.3.1.tgz. Extracting by manifest.
288 silly tarball no local data for react-promise-suspense@https://registry.npmjs.org/react-promise-suspense/-/react-promise-suspense-0.3.4.tgz. Extracting by manifest.
289 silly tarball no local data for @selderee/plugin-htmlparser2@https://registry.npmjs.org/@selderee/plugin-htmlparser2/-/plugin-htmlparser2-0.11.0.tgz. Extracting by manifest.
290 silly tarball no local data for prettier@https://registry.npmjs.org/prettier/-/prettier-3.8.1.tgz. Extracting by manifest.
291 silly tarball no local data for html-to-text@https://registry.npmjs.org/html-to-text/-/html-to-text-9.0.5.tgz. Extracting by manifest.
292 silly tarball no local data for @react-email/render@https://registry.npmjs.org/@react-email/render/-/render-1.1.2.tgz. Extracting by manifest.
293 silly tarball no local data for utrie@https://registry.npmjs.org/utrie/-/utrie-1.0.2.tgz. Extracting by manifest.
294 silly tarball no local data for dom-serializer@https://registry.npmjs.org/dom-serializer/-/dom-serializer-2.0.0.tgz. Extracting by manifest.
295 silly tarball no local data for text-segmentation@https://registry.npmjs.org/text-segmentation/-/text-segmentation-1.0.3.tgz. Extracting by manifest.
296 silly tarball no local data for performance-now@https://registry.npmjs.org/performance-now/-/performance-now-2.1.0.tgz. Extracting by manifest.
297 silly tarball no local data for css-line-break@https://registry.npmjs.org/css-line-break/-/css-line-break-2.1.0.tgz. Extracting by manifest.
298 silly tarball no local data for svg-pathdata@https://registry.npmjs.org/svg-pathdata/-/svg-pathdata-6.0.3.tgz. Extracting by manifest.
299 silly tarball no local data for stackblur-canvas@https://registry.npmjs.org/stackblur-canvas/-/stackblur-canvas-2.7.0.tgz. Extracting by manifest.
300 silly tarball no local data for regenerator-runtime@https://registry.npmjs.org/regenerator-runtime/-/regenerator-runtime-0.13.11.tgz. Extracting by manifest.
301 silly tarball no local data for rgbcolor@https://registry.npmjs.org/rgbcolor/-/rgbcolor-1.0.1.tgz. Extracting by manifest.
302 silly tarball no local data for raf@https://registry.npmjs.org/raf/-/raf-3.4.1.tgz. Extracting by manifest.
303 silly tarball no local data for html2canvas@https://registry.npmjs.org/html2canvas/-/html2canvas-1.4.1.tgz. Extracting by manifest.
304 silly tarball no local data for @types/raf@https://registry.npmjs.org/@types/raf/-/raf-3.4.3.tgz. Extracting by manifest.
305 silly tarball no local data for core-js@https://registry.npmjs.org/core-js/-/core-js-3.48.0.tgz. Extracting by manifest.
306 silly tarball no local data for fflate@https://registry.npmjs.org/fflate/-/fflate-0.8.2.tgz. Extracting by manifest.
307 silly tarball no local data for canvg@https://registry.npmjs.org/canvg/-/canvg-3.0.11.tgz. Extracting by manifest.
308 silly tarball no local data for dompurify@https://registry.npmjs.org/dompurify/-/dompurify-2.5.8.tgz. Extracting by manifest.
309 silly tarball no local data for atob@https://registry.npmjs.org/atob/-/atob-2.1.2.tgz. Extracting by manifest.
310 silly tarball no local data for btoa@https://registry.npmjs.org/btoa/-/btoa-1.2.1.tgz. Extracting by manifest.
311 silly tarball no local data for resend@https://registry.npmjs.org/resend/-/resend-4.8.0.tgz. Extracting by manifest.
312 silly tarball no local data for @babel/runtime@https://registry.npmjs.org/@babel/runtime/-/runtime-7.28.6.tgz. Extracting by manifest.
313 silly tarball no local data for jspdf@https://registry.npmjs.org/jspdf/-/jspdf-2.5.2.tgz. Extracting by manifest.
314 silly tarball no local data for fsevents@https://registry.npmjs.org/fsevents/-/fsevents-2.3.3.tgz. Extracting by manifest.
315 silly tarball no local data for fast-deep-equal@https://registry.npmjs.org/fast-deep-equal/-/fast-deep-equal-2.0.1.tgz. Extracting by manifest.
316 http fetch GET 200 https://registry.npmjs.org/base64-arraybuffer/-/base64-arraybuffer-1.0.2.tgz 71ms (cache miss)
317 http fetch GET 200 https://registry.npmjs.org/domelementtype/-/domelementtype-2.3.0.tgz 138ms (cache miss)
318 http fetch GET 200 https://registry.npmjs.org/domhandler/-/domhandler-5.0.3.tgz 179ms (cache miss)
319 http fetch GET 200 https://registry.npmjs.org/peberminta/-/peberminta-0.9.0.tgz 243ms (cache miss)
320 http fetch GET 200 https://registry.npmjs.org/leac/-/leac-0.6.0.tgz 295ms (cache miss)
321 http fetch GET 200 https://registry.npmjs.org/parseley/-/parseley-0.12.1.tgz 307ms (cache miss)
322 http fetch GET 200 https://registry.npmjs.org/domutils/-/domutils-3.2.2.tgz 335ms (cache miss)
323 http fetch GET 200 https://registry.npmjs.org/entities/-/entities-4.5.0.tgz 342ms (cache miss)
324 http fetch GET 200 https://registry.npmjs.org/html-to-text/-/html-to-text-9.0.5.tgz 410ms (cache miss)
325 http fetch POST 200 https://registry.npmjs.org/-/npm/v1/security/advisories/bulk 436ms
326 silly audit report {
326 silly audit report   glob: [
326 silly audit report     {
326 silly audit report       id: 1109842,
326 silly audit report       url: 'https://github.com/advisories/GHSA-5j98-mcp5-4vw2',
326 silly audit report       title: 'glob CLI: Command injection via -c/--cmd executes matches with shell:true',
326 silly audit report       severity: 'high',
326 silly audit report       vulnerable_versions: '>=10.2.0 <10.5.0',
326 silly audit report       cwe: [Array],
326 silly audit report       cvss: [Object]
326 silly audit report     }
326 silly audit report   ],
326 silly audit report   next: [
326 silly audit report     {
326 silly audit report       id: 1112593,
326 silly audit report       url: 'https://github.com/advisories/GHSA-9g9p-9gw9-jx7f',
326 silly audit report       title: 'Next.js self-hosted applications vulnerable to DoS via Image Optimizer remotePatterns configuration',
326 silly audit report       severity: 'moderate',
326 silly audit report       vulnerable_versions: '>=10.0.0 <15.5.10',
326 silly audit report       cwe: [Array],
326 silly audit report       cvss: [Object]
326 silly audit report     },
326 silly audit report     {
326 silly audit report       id: 1112653,
326 silly audit report       url: 'https://github.com/advisories/GHSA-h25m-26qc-wcjf',
326 silly audit report       title: 'Next.js HTTP request deserialization can lead to DoS when using insecure React Server Components',
326 silly audit report       severity: 'high',
326 silly audit report       vulnerable_versions: '>=13.0.0 <15.0.8',
326 silly audit report       cwe: [Array],
326 silly audit report       cvss: [Object]
326 silly audit report     }
326 silly audit report   ],
326 silly audit report   jspdf: [
326 silly audit report     {
326 silly audit report       id: 1103308,
326 silly audit report       url: 'https://github.com/advisories/GHSA-w532-jxjh-hjhj',
326 silly audit report       title: 'jsPDF Bypass Regular Expression Denial of Service (ReDoS)',
326 silly audit report       severity: 'high',
326 silly audit report       vulnerable_versions: '<3.0.1',
326 silly audit report       cwe: [Array],
326 silly audit report       cvss: [Object]
326 silly audit report     },
326 silly audit report     {
326 silly audit report       id: 1107412,
326 silly audit report       url: 'https://github.com/advisories/GHSA-8mvj-3j78-4qmw',
326 silly audit report       title: 'jsPDF Denial of Service (DoS)',
326 silly audit report       severity: 'high',
326 silly audit report       vulnerable_versions: '<=3.0.1',
326 silly audit report       cwe: [Array],
326 silly audit report       cvss: [Object]
326 silly audit report     },
326 silly audit report     {
326 silly audit report       id: 1112264,
326 silly audit report       url: 'https://github.com/advisories/GHSA-f8cm-6447-x5h2',
326 silly audit report       title: 'jsPDF has Local File Inclusion/Path Traversal vulnerability',
326 silly audit report       severity: 'critical',
326 silly audit report       vulnerable_versions: '<=3.0.4',
326 silly audit report       cwe: [Array],
326 silly audit report       cvss: [Object]
326 silly audit report     },
326 silly audit report     {
326 silly audit report       id: 1112801,
326 silly audit report       url: 'https://github.com/advisories/GHSA-pqxr-3g65-p328',
326 silly audit report       title: 'jsPDF has PDF Injection in AcroFormChoiceField that allows Arbitrary JavaScript Execution',
326 silly audit report       severity: 'high',
326 silly audit report       vulnerable_versions: '<=4.0.0',
326 silly audit report       cwe: [Array],
326 silly audit report       cvss: [Object]
326 silly audit report     },
326 silly audit report     {
326 silly audit report       id: 1112802,
326 silly audit report       url: 'https://github.com/advisories/GHSA-95fx-jjr5-f39c',
326 silly audit report       title: 'jsPDF Vulnerable to Denial of Service (DoS) via Unvalidated BMP Dimensions in BMPDecoder',
326 silly audit report       severity: 'high',
326 silly audit report       vulnerable_versions: '<=4.0.0',
326 silly audit report       cwe: [Array],
326 silly audit report       cvss: [Object]
326 silly audit report     },
326 silly audit report     {
326 silly audit report       id: 1112803,
326 silly audit report       url: 'https://github.com/advisories/GHSA-vm32-vv63-w422',
326 silly audit report       title: 'jsPDF Vulnerable to Stored XMP Metadata Injection (Spoofing & Integrity Violation)',
326 silly audit report       severity: 'moderate',
326 silly audit report       vulnerable_versions: '<=4.0.0',
326 silly audit report       cwe: [Array],
326 silly audit report       cvss: [Object]
326 silly audit report     },
326 silly audit report     {
326 silly audit report       id: 1112804,
326 silly audit report       url: 'https://github.com/advisories/GHSA-cjw8-79x6-5cj4',
326 silly audit report       title: 'jsPDF has Shared State Race Condition in addJS Plugin',
326 silly audit report       severity: 'moderate',
326 silly audit report       vulnerable_versions: '<=4.0.0',
326 silly audit report       cwe: [Array],
326 silly audit report       cvss: [Object]
326 silly audit report     },
326 silly audit report     {
326 silly audit report       id: 1113309,
326 silly audit report       url: 'https://github.com/advisories/GHSA-p5xg-68wr-hm3m',
326 silly audit report       title: 'jsPDF has a PDF Injection in AcroForm module allows Arbitrary JavaScript Execution (RadioButton.createOption and "AS" property)',
326 silly audit report       severity: 'high',
326 silly audit report       vulnerable_versions: '<4.2.0',
326 silly audit report       cwe: [Array],
326 silly audit report       cvss: [Object]
326 silly audit report     },
326 silly audit report     {
326 silly audit report       id: 1113310,
326 silly audit report       url: 'https://github.com/advisories/GHSA-9vjf-qc39-jprp',
326 silly audit report       title: 'jsPDF has a PDF Object Injection via Unsanitized Input in addJS Method',
326 silly audit report       severity: 'high',
326 silly audit report       vulnerable_versions: '<4.2.0',
326 silly audit report       cwe: [Array],
326 silly audit report       cvss: [Object]
326 silly audit report     },
326 silly audit report     {
326 silly audit report       id: 1113324,
326 silly audit report       url: 'https://github.com/advisories/GHSA-67pg-wm7f-q7fj',
326 silly audit report       title: 'jsPDF Affected by Client-Side/Server-Side Denial of Service via Malicious GIF Dimensions',
326 silly audit report       severity: 'high',
326 silly audit report       vulnerable_versions: '<4.2.0',
326 silly audit report       cwe: [Array],
326 silly audit report       cvss: [Object]
326 silly audit report     }
326 silly audit report   ],
326 silly audit report   dompurify: [
326 silly audit report     {
326 silly audit report       id: 1105772,
326 silly audit report       url: 'https://github.com/advisories/GHSA-vhxf-7vqr-mrjg',
326 silly audit report       title: 'DOMPurify allows Cross-site Scripting (XSS)',
326 silly audit report       severity: 'moderate',
326 silly audit report       vulnerable_versions: '<3.2.4',
326 silly audit report       cwe: [Array],
326 silly audit report       cvss: [Object]
326 silly audit report     }
326 silly audit report   ]
326 silly audit report }
327 silly packumentCache corgi:https://registry.npmjs.org/glob cache-miss
328 silly packumentCache corgi:https://registry.npmjs.org/next cache-miss
329 silly packumentCache corgi:https://registry.npmjs.org/jspdf cache-miss
330 silly packumentCache corgi:https://registry.npmjs.org/dompurify cache-miss
331 http fetch GET 200 https://registry.npmjs.org/utrie/-/utrie-1.0.2.tgz 549ms (cache miss)
332 http fetch GET 200 https://registry.npmjs.org/dom-serializer/-/dom-serializer-2.0.0.tgz 567ms (cache miss)
333 http fetch GET 200 https://registry.npmjs.org/text-segmentation/-/text-segmentation-1.0.3.tgz 626ms (cache miss)
334 http fetch GET 200 https://registry.npmjs.org/@react-email/render/-/render-1.1.2.tgz 648ms (cache miss)
335 http fetch GET 200 https://registry.npmjs.org/performance-now/-/performance-now-2.1.0.tgz 659ms (cache miss)
336 http fetch GET 200 https://registry.npmjs.org/svg-pathdata/-/svg-pathdata-6.0.3.tgz 740ms (cache miss)
337 http fetch GET 200 https://registry.npmjs.org/regenerator-runtime/-/regenerator-runtime-0.13.11.tgz 891ms (cache miss)
338 http fetch GET 200 https://registry.npmjs.org/stackblur-canvas/-/stackblur-canvas-2.7.0.tgz 904ms (cache miss)
339 http fetch GET 200 https://registry.npmjs.org/css-line-break/-/css-line-break-2.1.0.tgz 930ms (cache miss)
340 http fetch GET 200 https://registry.npmjs.org/rgbcolor/-/rgbcolor-1.0.1.tgz 941ms (cache miss)
341 http fetch GET 200 https://registry.npmjs.org/raf/-/raf-3.4.1.tgz 950ms (cache miss)
342 http fetch GET 200 https://registry.npmjs.org/react-promise-suspense/-/react-promise-suspense-0.3.4.tgz 1084ms (cache miss)
343 http fetch GET 200 https://registry.npmjs.org/deepmerge/-/deepmerge-4.3.1.tgz 1099ms (cache miss)
344 http fetch GET 200 https://registry.npmjs.org/@types/raf/-/raf-3.4.3.tgz 1176ms (cache miss)
345 http fetch GET 200 https://registry.npmjs.org/@selderee/plugin-htmlparser2/-/plugin-htmlparser2-0.11.0.tgz 1212ms (cache miss)
346 http fetch GET 200 https://registry.npmjs.org/htmlparser2/-/htmlparser2-8.0.2.tgz 1237ms (cache miss)
347 http fetch GET 200 https://registry.npmjs.org/selderee/-/selderee-0.11.0.tgz 1304ms (cache miss)
348 http fetch GET 200 https://registry.npmjs.org/atob/-/atob-2.1.2.tgz 2253ms (cache miss)
349 http fetch GET 200 https://registry.npmjs.org/btoa/-/btoa-1.2.1.tgz 2267ms (cache miss)
350 http fetch GET 200 https://registry.npmjs.org/resend/-/resend-4.8.0.tgz 2286ms (cache miss)
351 http fetch GET 200 https://registry.npmjs.org/@babel/runtime/-/runtime-7.28.6.tgz 2601ms (cache miss)
352 http fetch GET 200 https://registry.npmjs.org/fsevents/-/fsevents-2.3.3.tgz 2725ms (cache miss)
353 http fetch GET 200 https://registry.npmjs.org/fast-deep-equal/-/fast-deep-equal-2.0.1.tgz 2724ms (cache miss)
354 http fetch GET 200 https://registry.npmjs.org/glob 2400ms (cache miss)
355 silly packumentCache corgi:https://registry.npmjs.org/glob set size:undefined disposed:false
356 http fetch GET 200 https://registry.npmjs.org/dompurify 3508ms (cache miss)
357 silly packumentCache corgi:https://registry.npmjs.org/dompurify set size:undefined disposed:false
358 http fetch GET 200 https://registry.npmjs.org/jspdf 3527ms (cache miss)
359 silly packumentCache corgi:https://registry.npmjs.org/jspdf set size:undefined disposed:false
360 http fetch GET 200 https://registry.npmjs.org/dompurify/-/dompurify-2.5.8.tgz 5051ms (cache miss)
361 http fetch GET 200 https://registry.npmjs.org/fflate/-/fflate-0.8.2.tgz 5421ms (cache miss)
362 http fetch GET 200 https://registry.npmjs.org/core-js/-/core-js-3.48.0.tgz 5591ms (cache miss)
363 http fetch GET 200 https://registry.npmjs.org/canvg/-/canvg-3.0.11.tgz 5737ms (cache miss)
364 http fetch GET 200 https://registry.npmjs.org/html2canvas/-/html2canvas-1.4.1.tgz 6579ms (cache miss)
365 http fetch GET 200 https://registry.npmjs.org/next 10859ms (cache miss)
366 silly packumentCache corgi:https://registry.npmjs.org/next set size:undefined disposed:false
367 silly packumentCache corgi:https://registry.npmjs.org/@next%2feslint-plugin-next cache-miss
368 http fetch GET 200 https://registry.npmjs.org/@next%2feslint-plugin-next 4265ms (cache miss)
369 silly packumentCache corgi:https://registry.npmjs.org/@next%2feslint-plugin-next set size:undefined disposed:false
370 silly packumentCache corgi:https://registry.npmjs.org/eslint-config-next cache-miss
371 http fetch GET 200 https://registry.npmjs.org/eslint-config-next 2328ms (cache miss)
372 silly packumentCache corgi:https://registry.npmjs.org/eslint-config-next set size:undefined disposed:false
373 http fetch GET 200 https://registry.npmjs.org/prettier/-/prettier-3.8.1.tgz 21299ms (cache miss)
374 http fetch GET 200 https://registry.npmjs.org/jspdf/-/jspdf-2.5.2.tgz 21306ms (cache miss)
375 info run core-js@3.48.0 postinstall node_modules/core-js node -e "try{require('./postinstall')}catch(e){}"
376 info run core-js@3.48.0 postinstall { code: 0, signal: null }
377 silly ADD node_modules/base64-arraybuffer
378 silly ADD node_modules/peberminta
379 silly ADD node_modules/leac
380 silly ADD node_modules/parseley
381 silly ADD node_modules/domutils
382 silly ADD node_modules/entities
383 silly ADD node_modules/domelementtype
384 silly ADD node_modules/domhandler
385 silly ADD node_modules/selderee
386 silly ADD node_modules/htmlparser2
387 silly ADD node_modules/dom-serializer
388 silly ADD node_modules/deepmerge
389 silly ADD node_modules/@selderee/plugin-htmlparser2
390 silly ADD node_modules/react-promise-suspense
391 silly ADD node_modules/react-promise-suspense/node_modules/fast-deep-equal
392 silly ADD node_modules/prettier
393 silly ADD node_modules/html-to-text
394 silly ADD node_modules/@react-email/render
395 silly ADD node_modules/performance-now
396 silly ADD node_modules/utrie
397 silly ADD node_modules/text-segmentation
398 silly ADD node_modules/css-line-break
399 silly ADD node_modules/svg-pathdata
400 silly ADD node_modules/stackblur-canvas
401 silly ADD node_modules/rgbcolor
402 silly ADD node_modules/regenerator-runtime
403 silly ADD node_modules/raf
404 silly ADD node_modules/@types/raf
405 silly ADD node_modules/html2canvas
406 silly ADD node_modules/fflate
407 silly ADD node_modules/dompurify
408 silly ADD node_modules/core-js
409 silly ADD node_modules/canvg
410 silly ADD node_modules/btoa
411 silly ADD node_modules/atob
412 silly ADD node_modules/@babel/runtime
413 silly ADD node_modules/resend
414 silly ADD node_modules/jspdf
415 silly ADD node_modules/fsevents
416 verbose cwd /Users/mikeyrennicks/Desktop/fennor-developments-website
417 verbose os Darwin 24.6.0
418 verbose node v24.13.1
419 verbose npm  v11.8.0
420 verbose exit 0
421 info ok
